<?xml version="1.0" encoding="UTF-8"?>
<!-- Generated by org.testng.reporters.JUnitReportReporter -->
<testsuite skipped="0" hostname="DESKTOP-QH5IRLG" name="tests.Students" tests="1" failures="0" timestamp="13 May 2019 10:12:04 GMT" time="1.103" errors="0">
  <testcase name="test01_VerifyStudentCreated" time="1.103" classname="tests.Students"/>
</testsuite> <!-- tests.Students -->
