<?xml version="1.0" encoding="UTF-8"?>
<!-- Generated by org.testng.reporters.JUnitReportReporter -->
<testsuite skipped="0" hostname="DESKTOP-QH5IRLG" name="tests.MortgageApp" tests="1" failures="0" timestamp="25 Apr 2019 19:45:37 GMT" time="26.484" errors="0">
  <testcase name="test01_verifyRepayment" time="26.484" classname="tests.MortgageApp"/>
</testsuite> <!-- tests.MortgageApp -->
