<?xml version="1.0" encoding="UTF-8"?>
<!-- Generated by org.testng.reporters.JUnitReportReporter -->
<testsuite skipped="0" hostname="DESKTOP-QH5IRLG" name="tests.Wikipedia" tests="1" failures="0" timestamp="25 Apr 2019 07:29:26 GMT" time="1.950" errors="0">
  <testcase name="test01_searchValue" time="1.950" classname="tests.Wikipedia"/>
</testsuite> <!-- tests.Wikipedia -->
