<?xml version="1.0" encoding="UTF-8"?>
<!-- Generated by org.testng.reporters.JUnitReportReporter -->
<testsuite skipped="0" hostname="DESKTOP-QH5IRLG" name="tests.Students" tests="1" failures="0" timestamp="25 Apr 2019 09:17:40 GMT" time="0.795" errors="0">
  <testcase name="test01_VerifyStudentCreated" time="0.795" classname="tests.Students"/>
</testsuite> <!-- tests.Students -->
