<?xml version="1.0" encoding="UTF-8"?>
<!-- Generated by org.testng.reporters.JUnitReportReporter -->
<testsuite skipped="0" hostname="DESKTOP-QH5IRLG" name="tests.NewTest" tests="1" failures="0" timestamp="22 Feb 2019 13:32:50 GMT" time="1.479" errors="0">
  <testcase name="test01_searchValue" time="1.479" classname="tests.NewTest"/>
</testsuite> <!-- tests.NewTest -->
