<?xml version="1.0" encoding="UTF-8"?>
<!-- Generated by org.testng.reporters.JUnitReportReporter -->
<testsuite skipped="0" hostname="DESKTOP-QH5IRLG" name="tests.MortgageApp" tests="1" failures="0" timestamp="25 Apr 2019 07:43:45 GMT" time="25.858" errors="0">
  <testcase name="test01_verifyRepayment" time="25.858" classname="tests.MortgageApp"/>
</testsuite> <!-- tests.MortgageApp -->
