<?xml version="1.0" encoding="UTF-8"?>
<!-- Generated by org.testng.reporters.JUnitReportReporter -->
<testsuite skipped="0" hostname="DESKTOP-QH5IRLG" name="tests.Wikipedia" tests="1" failures="0" timestamp="13 May 2019 11:35:54 GMT" time="2.213" errors="0">
  <testcase name="test01_searchValue" time="2.213" classname="tests.Wikipedia"/>
</testsuite> <!-- tests.Wikipedia -->
